2018-10-26 11:19:27,054 ERROR 744 nodejs.EPERMError: Error watching file for changes: EPERM
    at _errnoException (util.js:1022:11)
    at FSEvent.FSWatcher._handle.onchange (fs.js:1359:9)
code: "EPERM"
errno: "EPERM"
syscall: "Error watching file for changes:"
filename: null
dir: "F:\\FKserver\\FKserver\\app\\public\\login_images"
name: "EPERMError"
pid: 744
hostname: DESKTOP-H7LLNK9

2018-10-26 15:38:37,469 ERROR 744 nodejs.unhandledExceptionError: read ECONNRESET
    at _errnoException (util.js:1022:11)
    at TCP.onread (net.js:628:25)
code: "ECONNRESET"
errno: "ECONNRESET"
syscall: "read"
name: "unhandledExceptionError"
pid: 744
hostname: DESKTOP-H7LLNK9

2018-10-30 16:00:38,957 ERROR 11384 nodejs.unhandledExceptionError: read ECONNRESET
    at _errnoException (util.js:1022:11)
    at TCP.onread (net.js:628:25)
code: "ECONNRESET"
errno: "ECONNRESET"
syscall: "read"
name: "unhandledExceptionError"
pid: 11384
hostname: DESKTOP-H7LLNK9

2018-10-30 17:58:16,323 ERROR 12312 [-/127.0.0.1/-/98ms POST /login] nodejs.TypeError: service.find is not a function
    at LoginController.login (F:\FKserver\FKserver\app\controller\login\login.js:10:23)
    at Object.callFn (F:\FKserver\FKserver\node_modules\egg-core\lib\utils\index.js:36:21)
    at Object.classControllerMiddleware (F:\FKserver\FKserver\node_modules\egg-core\lib\loader\mixin\controller.js:87:20)
    at Object.callFn (F:\FKserver\FKserver\node_modules\egg-core\lib\utils\index.js:36:21)
    at wrappedController (F:\FKserver\FKserver\node_modules\egg-core\lib\utils\router.js:322:18)
    at dispatch (F:\FKserver\FKserver\node_modules\koa-router\node_modules\koa-compose\index.js:44:32)
    at next (F:\FKserver\FKserver\node_modules\koa-router\node_modules\koa-compose\index.js:45:18)
    at F:\FKserver\FKserver\node_modules\koa-router\lib\router.js:346:16
    at dispatch (F:\FKserver\FKserver\node_modules\koa-router\node_modules\koa-compose\index.js:44:32)
    at F:\FKserver\FKserver\node_modules\koa-router\node_modules\koa-compose\index.js:36:12

pid: 12312
hostname: DESKTOP-H7LLNK9

2018-10-30 18:00:50,852 ERROR 11412 [-/127.0.0.1/-/35ms POST /login] nodejs.TypeError: Cannot read property 'find' of undefined
    at LoginController.login (F:\FKserver\FKserver\app\controller\login\login.js:10:31)
    at Object.callFn (F:\FKserver\FKserver\node_modules\egg-core\lib\utils\index.js:36:21)
    at Object.classControllerMiddleware (F:\FKserver\FKserver\node_modules\egg-core\lib\loader\mixin\controller.js:87:20)
    at Object.callFn (F:\FKserver\FKserver\node_modules\egg-core\lib\utils\index.js:36:21)
    at wrappedController (F:\FKserver\FKserver\node_modules\egg-core\lib\utils\router.js:322:18)
    at dispatch (F:\FKserver\FKserver\node_modules\koa-router\node_modules\koa-compose\index.js:44:32)
    at next (F:\FKserver\FKserver\node_modules\koa-router\node_modules\koa-compose\index.js:45:18)
    at F:\FKserver\FKserver\node_modules\koa-router\lib\router.js:346:16
    at dispatch (F:\FKserver\FKserver\node_modules\koa-router\node_modules\koa-compose\index.js:44:32)
    at F:\FKserver\FKserver\node_modules\koa-router\node_modules\koa-compose\index.js:36:12

pid: 11412
hostname: DESKTOP-H7LLNK9

2018-10-30 18:08:16,834 ERROR 14300 [-/127.0.0.1/-/34ms POST /login] nodejs.TypeError: service.loginadmin.login.find is not a function
    at LoginController.login (F:\FKserver\FKserver\app\controller\login\login.js:10:40)
    at Object.callFn (F:\FKserver\FKserver\node_modules\egg-core\lib\utils\index.js:36:21)
    at Object.classControllerMiddleware (F:\FKserver\FKserver\node_modules\egg-core\lib\loader\mixin\controller.js:87:20)
    at Object.callFn (F:\FKserver\FKserver\node_modules\egg-core\lib\utils\index.js:36:21)
    at wrappedController (F:\FKserver\FKserver\node_modules\egg-core\lib\utils\router.js:322:18)
    at dispatch (F:\FKserver\FKserver\node_modules\koa-router\node_modules\koa-compose\index.js:44:32)
    at next (F:\FKserver\FKserver\node_modules\koa-router\node_modules\koa-compose\index.js:45:18)
    at F:\FKserver\FKserver\node_modules\koa-router\lib\router.js:346:16
    at dispatch (F:\FKserver\FKserver\node_modules\koa-router\node_modules\koa-compose\index.js:44:32)
    at F:\FKserver\FKserver\node_modules\koa-router\node_modules\koa-compose\index.js:36:12

pid: 14300
hostname: DESKTOP-H7LLNK9

2018-10-30 18:11:31,552 ERROR 6152 [-/127.0.0.1/-/36ms POST /login] nodejs.ReferenceError: alert is not defined
    at LoginController.login (F:\FKserver\FKserver\app\controller\login\login.js:10:6)
    at Object.callFn (F:\FKserver\FKserver\node_modules\egg-core\lib\utils\index.js:36:21)
    at Object.classControllerMiddleware (F:\FKserver\FKserver\node_modules\egg-core\lib\loader\mixin\controller.js:87:20)
    at Object.callFn (F:\FKserver\FKserver\node_modules\egg-core\lib\utils\index.js:36:21)
    at wrappedController (F:\FKserver\FKserver\node_modules\egg-core\lib\utils\router.js:322:18)
    at dispatch (F:\FKserver\FKserver\node_modules\koa-router\node_modules\koa-compose\index.js:44:32)
    at next (F:\FKserver\FKserver\node_modules\koa-router\node_modules\koa-compose\index.js:45:18)
    at F:\FKserver\FKserver\node_modules\koa-router\lib\router.js:346:16
    at dispatch (F:\FKserver\FKserver\node_modules\koa-router\node_modules\koa-compose\index.js:44:32)
    at F:\FKserver\FKserver\node_modules\koa-router\node_modules\koa-compose\index.js:36:12

pid: 6152
hostname: DESKTOP-H7LLNK9

2018-10-30 18:12:02,127 ERROR 13660 [-/127.0.0.1/-/40ms POST /login] nodejs.TypeError: service.loginadmin.login.find is not a function
    at LoginController.login (F:\FKserver\FKserver\app\controller\login\login.js:11:47)
    at Object.callFn (F:\FKserver\FKserver\node_modules\egg-core\lib\utils\index.js:36:21)
    at Object.classControllerMiddleware (F:\FKserver\FKserver\node_modules\egg-core\lib\loader\mixin\controller.js:87:20)
    at Object.callFn (F:\FKserver\FKserver\node_modules\egg-core\lib\utils\index.js:36:21)
    at wrappedController (F:\FKserver\FKserver\node_modules\egg-core\lib\utils\router.js:322:18)
    at dispatch (F:\FKserver\FKserver\node_modules\koa-router\node_modules\koa-compose\index.js:44:32)
    at next (F:\FKserver\FKserver\node_modules\koa-router\node_modules\koa-compose\index.js:45:18)
    at F:\FKserver\FKserver\node_modules\koa-router\lib\router.js:346:16
    at dispatch (F:\FKserver\FKserver\node_modules\koa-router\node_modules\koa-compose\index.js:44:32)
    at F:\FKserver\FKserver\node_modules\koa-router\node_modules\koa-compose\index.js:36:12

pid: 13660
hostname: DESKTOP-H7LLNK9

2018-10-30 18:22:19,550 ERROR 6952 [-/127.0.0.1/-/56ms POST /login] nodejs.TypeError: service.loginadmin.login.find is not a function
    at LoginController.login (F:\FKserver\FKserver\app\controller\login\login.js:11:47)
    at Object.callFn (F:\FKserver\FKserver\node_modules\egg-core\lib\utils\index.js:36:21)
    at Object.classControllerMiddleware (F:\FKserver\FKserver\node_modules\egg-core\lib\loader\mixin\controller.js:87:20)
    at Object.callFn (F:\FKserver\FKserver\node_modules\egg-core\lib\utils\index.js:36:21)
    at wrappedController (F:\FKserver\FKserver\node_modules\egg-core\lib\utils\router.js:322:18)
    at dispatch (F:\FKserver\FKserver\node_modules\koa-router\node_modules\koa-compose\index.js:44:32)
    at next (F:\FKserver\FKserver\node_modules\koa-router\node_modules\koa-compose\index.js:45:18)
    at F:\FKserver\FKserver\node_modules\koa-router\lib\router.js:346:16
    at dispatch (F:\FKserver\FKserver\node_modules\koa-router\node_modules\koa-compose\index.js:44:32)
    at F:\FKserver\FKserver\node_modules\koa-router\node_modules\koa-compose\index.js:36:12

pid: 6952
hostname: DESKTOP-H7LLNK9

2018-10-30 18:26:22,828 ERROR 2500 [-/127.0.0.1/-/42ms POST /login] nodejs.TypeError: service.loginadmin.login.find is not a function
    at LoginController.login (F:\FKserver\FKserver\app\controller\login\login.js:11:47)
    at Object.callFn (F:\FKserver\FKserver\node_modules\egg-core\lib\utils\index.js:36:21)
    at Object.classControllerMiddleware (F:\FKserver\FKserver\node_modules\egg-core\lib\loader\mixin\controller.js:87:20)
    at Object.callFn (F:\FKserver\FKserver\node_modules\egg-core\lib\utils\index.js:36:21)
    at wrappedController (F:\FKserver\FKserver\node_modules\egg-core\lib\utils\router.js:322:18)
    at dispatch (F:\FKserver\FKserver\node_modules\koa-router\node_modules\koa-compose\index.js:44:32)
    at next (F:\FKserver\FKserver\node_modules\koa-router\node_modules\koa-compose\index.js:45:18)
    at F:\FKserver\FKserver\node_modules\koa-router\lib\router.js:346:16
    at dispatch (F:\FKserver\FKserver\node_modules\koa-router\node_modules\koa-compose\index.js:44:32)
    at F:\FKserver\FKserver\node_modules\koa-router\node_modules\koa-compose\index.js:36:12

pid: 2500
hostname: DESKTOP-H7LLNK9

2018-10-30 18:27:15,558 ERROR 13908 [-/127.0.0.1/-/51ms POST /login] nodejs.TypeError: service.loginadmin.login.find is not a function
    at LoginController.login (F:\FKserver\FKserver\app\controller\login\login.js:11:47)
    at Object.callFn (F:\FKserver\FKserver\node_modules\egg-core\lib\utils\index.js:36:21)
    at Object.classControllerMiddleware (F:\FKserver\FKserver\node_modules\egg-core\lib\loader\mixin\controller.js:87:20)
    at Object.callFn (F:\FKserver\FKserver\node_modules\egg-core\lib\utils\index.js:36:21)
    at wrappedController (F:\FKserver\FKserver\node_modules\egg-core\lib\utils\router.js:322:18)
    at dispatch (F:\FKserver\FKserver\node_modules\koa-router\node_modules\koa-compose\index.js:44:32)
    at next (F:\FKserver\FKserver\node_modules\koa-router\node_modules\koa-compose\index.js:45:18)
    at F:\FKserver\FKserver\node_modules\koa-router\lib\router.js:346:16
    at dispatch (F:\FKserver\FKserver\node_modules\koa-router\node_modules\koa-compose\index.js:44:32)
    at F:\FKserver\FKserver\node_modules\koa-router\node_modules\koa-compose\index.js:36:12

pid: 13908
hostname: DESKTOP-H7LLNK9

2018-10-30 18:27:30,342 ERROR 13908 [-/127.0.0.1/-/3ms POST /login] nodejs.TypeError: service.loginadmin.login.find is not a function
    at LoginController.login (F:\FKserver\FKserver\app\controller\login\login.js:11:47)
    at Object.callFn (F:\FKserver\FKserver\node_modules\egg-core\lib\utils\index.js:36:21)
    at Object.classControllerMiddleware (F:\FKserver\FKserver\node_modules\egg-core\lib\loader\mixin\controller.js:87:20)
    at Object.callFn (F:\FKserver\FKserver\node_modules\egg-core\lib\utils\index.js:36:21)
    at wrappedController (F:\FKserver\FKserver\node_modules\egg-core\lib\utils\router.js:322:18)
    at dispatch (F:\FKserver\FKserver\node_modules\koa-router\node_modules\koa-compose\index.js:44:32)
    at next (F:\FKserver\FKserver\node_modules\koa-router\node_modules\koa-compose\index.js:45:18)
    at F:\FKserver\FKserver\node_modules\koa-router\lib\router.js:346:16
    at dispatch (F:\FKserver\FKserver\node_modules\koa-router\node_modules\koa-compose\index.js:44:32)
    at F:\FKserver\FKserver\node_modules\koa-router\node_modules\koa-compose\index.js:36:12

pid: 13908
hostname: DESKTOP-H7LLNK9

2018-10-30 18:31:23,416 ERROR 13928 [-/127.0.0.1/-/47ms POST /login] nodejs.TypeError: service.loginadmin.login.find is not a function
    at LoginController.login (F:\FKserver\FKserver\app\controller\login\login.js:11:46)
    at Object.callFn (F:\FKserver\FKserver\node_modules\egg-core\lib\utils\index.js:36:21)
    at Object.classControllerMiddleware (F:\FKserver\FKserver\node_modules\egg-core\lib\loader\mixin\controller.js:87:20)
    at Object.callFn (F:\FKserver\FKserver\node_modules\egg-core\lib\utils\index.js:36:21)
    at wrappedController (F:\FKserver\FKserver\node_modules\egg-core\lib\utils\router.js:322:18)
    at dispatch (F:\FKserver\FKserver\node_modules\koa-router\node_modules\koa-compose\index.js:44:32)
    at next (F:\FKserver\FKserver\node_modules\koa-router\node_modules\koa-compose\index.js:45:18)
    at F:\FKserver\FKserver\node_modules\koa-router\lib\router.js:346:16
    at dispatch (F:\FKserver\FKserver\node_modules\koa-router\node_modules\koa-compose\index.js:44:32)
    at F:\FKserver\FKserver\node_modules\koa-router\node_modules\koa-compose\index.js:36:12

pid: 13928
hostname: DESKTOP-H7LLNK9

2018-10-30 18:31:57,616 ERROR 12524 [-/127.0.0.1/-/50ms POST /login] nodejs.TypeError: service.loginadmin.login.find is not a function
    at LoginController.login (F:\FKserver\FKserver\app\controller\login\login.js:12:46)
    at Object.callFn (F:\FKserver\FKserver\node_modules\egg-core\lib\utils\index.js:36:21)
    at Object.classControllerMiddleware (F:\FKserver\FKserver\node_modules\egg-core\lib\loader\mixin\controller.js:87:20)
    at Object.callFn (F:\FKserver\FKserver\node_modules\egg-core\lib\utils\index.js:36:21)
    at wrappedController (F:\FKserver\FKserver\node_modules\egg-core\lib\utils\router.js:322:18)
    at dispatch (F:\FKserver\FKserver\node_modules\koa-router\node_modules\koa-compose\index.js:44:32)
    at next (F:\FKserver\FKserver\node_modules\koa-router\node_modules\koa-compose\index.js:45:18)
    at F:\FKserver\FKserver\node_modules\koa-router\lib\router.js:346:16
    at dispatch (F:\FKserver\FKserver\node_modules\koa-router\node_modules\koa-compose\index.js:44:32)
    at F:\FKserver\FKserver\node_modules\koa-router\node_modules\koa-compose\index.js:36:12

pid: 12524
hostname: DESKTOP-H7LLNK9

2018-10-30 18:33:37,520 ERROR 12524 [-/127.0.0.1/-/5ms POST /login] nodejs.TypeError: service.loginadmin.login.find is not a function
    at LoginController.login (F:\FKserver\FKserver\app\controller\login\login.js:12:46)
    at Object.callFn (F:\FKserver\FKserver\node_modules\egg-core\lib\utils\index.js:36:21)
    at Object.classControllerMiddleware (F:\FKserver\FKserver\node_modules\egg-core\lib\loader\mixin\controller.js:87:20)
    at Object.callFn (F:\FKserver\FKserver\node_modules\egg-core\lib\utils\index.js:36:21)
    at wrappedController (F:\FKserver\FKserver\node_modules\egg-core\lib\utils\router.js:322:18)
    at dispatch (F:\FKserver\FKserver\node_modules\koa-router\node_modules\koa-compose\index.js:44:32)
    at next (F:\FKserver\FKserver\node_modules\koa-router\node_modules\koa-compose\index.js:45:18)
    at F:\FKserver\FKserver\node_modules\koa-router\lib\router.js:346:16
    at dispatch (F:\FKserver\FKserver\node_modules\koa-router\node_modules\koa-compose\index.js:44:32)
    at F:\FKserver\FKserver\node_modules\koa-router\node_modules\koa-compose\index.js:36:12

pid: 12524
hostname: DESKTOP-H7LLNK9

2018-10-31 16:32:02,231 ERROR 14068 [-/127.0.0.1/-/83ms POST /login] nodejs.TypeError: service.loginadmin.login.find is not a function
    at LoginController.login (F:\FKserver\FKserver\app\controller\login\login.js:12:46)
    at Object.callFn (F:\FKserver\FKserver\node_modules\egg-core\lib\utils\index.js:36:21)
    at Object.classControllerMiddleware (F:\FKserver\FKserver\node_modules\egg-core\lib\loader\mixin\controller.js:87:20)
    at Object.callFn (F:\FKserver\FKserver\node_modules\egg-core\lib\utils\index.js:36:21)
    at wrappedController (F:\FKserver\FKserver\node_modules\egg-core\lib\utils\router.js:322:18)
    at dispatch (F:\FKserver\FKserver\node_modules\koa-router\node_modules\koa-compose\index.js:44:32)
    at next (F:\FKserver\FKserver\node_modules\koa-router\node_modules\koa-compose\index.js:45:18)
    at F:\FKserver\FKserver\node_modules\koa-router\lib\router.js:346:16
    at dispatch (F:\FKserver\FKserver\node_modules\koa-router\node_modules\koa-compose\index.js:44:32)
    at F:\FKserver\FKserver\node_modules\koa-router\node_modules\koa-compose\index.js:36:12

pid: 14068
hostname: DESKTOP-H7LLNK9

2018-10-31 16:50:16,630 ERROR 1908 [-/127.0.0.1/-/36ms POST /login] nodejs.SyntaxError: Unexpected token o in JSON at position 1
    at JSON.parse (<anonymous>)
    at LoginController.login (F:\FKserver\FKserver\app\controller\login\login.js:9:21)
    at Object.callFn (F:\FKserver\FKserver\node_modules\egg-core\lib\utils\index.js:36:21)
    at Object.classControllerMiddleware (F:\FKserver\FKserver\node_modules\egg-core\lib\loader\mixin\controller.js:87:20)
    at Object.callFn (F:\FKserver\FKserver\node_modules\egg-core\lib\utils\index.js:36:21)
    at wrappedController (F:\FKserver\FKserver\node_modules\egg-core\lib\utils\router.js:322:18)
    at dispatch (F:\FKserver\FKserver\node_modules\koa-router\node_modules\koa-compose\index.js:44:32)
    at next (F:\FKserver\FKserver\node_modules\koa-router\node_modules\koa-compose\index.js:45:18)
    at F:\FKserver\FKserver\node_modules\koa-router\lib\router.js:346:16
    at dispatch (F:\FKserver\FKserver\node_modules\koa-router\node_modules\koa-compose\index.js:44:32)

pid: 1908
hostname: DESKTOP-H7LLNK9

2018-10-31 16:51:08,275 ERROR 2060 [-/127.0.0.1/-/32ms POST /login] nodejs.ReferenceError: username is not defined
    at LoginController.login (F:\FKserver\FKserver\app\controller\login\login.js:12:51)
    at Object.callFn (F:\FKserver\FKserver\node_modules\egg-core\lib\utils\index.js:36:21)
    at Object.classControllerMiddleware (F:\FKserver\FKserver\node_modules\egg-core\lib\loader\mixin\controller.js:87:20)
    at Object.callFn (F:\FKserver\FKserver\node_modules\egg-core\lib\utils\index.js:36:21)
    at wrappedController (F:\FKserver\FKserver\node_modules\egg-core\lib\utils\router.js:322:18)
    at dispatch (F:\FKserver\FKserver\node_modules\koa-router\node_modules\koa-compose\index.js:44:32)
    at next (F:\FKserver\FKserver\node_modules\koa-router\node_modules\koa-compose\index.js:45:18)
    at F:\FKserver\FKserver\node_modules\koa-router\lib\router.js:346:16
    at dispatch (F:\FKserver\FKserver\node_modules\koa-router\node_modules\koa-compose\index.js:44:32)
    at F:\FKserver\FKserver\node_modules\koa-router\node_modules\koa-compose\index.js:36:12

pid: 2060
hostname: DESKTOP-H7LLNK9

2018-10-31 16:52:26,354 ERROR 3628 [-/127.0.0.1/-/37ms POST /login] nodejs.ReferenceError: username is not defined
    at LoginController.login (F:\FKserver\FKserver\app\controller\login\login.js:12:51)
    at Object.callFn (F:\FKserver\FKserver\node_modules\egg-core\lib\utils\index.js:36:21)
    at Object.classControllerMiddleware (F:\FKserver\FKserver\node_modules\egg-core\lib\loader\mixin\controller.js:87:20)
    at Object.callFn (F:\FKserver\FKserver\node_modules\egg-core\lib\utils\index.js:36:21)
    at wrappedController (F:\FKserver\FKserver\node_modules\egg-core\lib\utils\router.js:322:18)
    at dispatch (F:\FKserver\FKserver\node_modules\koa-router\node_modules\koa-compose\index.js:44:32)
    at next (F:\FKserver\FKserver\node_modules\koa-router\node_modules\koa-compose\index.js:45:18)
    at F:\FKserver\FKserver\node_modules\koa-router\lib\router.js:346:16
    at dispatch (F:\FKserver\FKserver\node_modules\koa-router\node_modules\koa-compose\index.js:44:32)
    at F:\FKserver\FKserver\node_modules\koa-router\node_modules\koa-compose\index.js:36:12

pid: 3628
hostname: DESKTOP-H7LLNK9

2018-10-31 17:50:02,006 ERROR 10032 nodejs.unhandledExceptionError: read ECONNRESET
    at _errnoException (util.js:1022:11)
    at TCP.onread (net.js:628:25)
code: "ECONNRESET"
errno: "ECONNRESET"
syscall: "read"
name: "unhandledExceptionError"
pid: 10032
hostname: DESKTOP-H7LLNK9

2018-11-01 10:03:32,955 ERROR 10904 [-/127.0.0.1/-/6ms POST /login] nodejs.TypeError: Cannot read property 'passworld' of null
    at LoginController.login (F:\FKserver\FKserver\app\controller\login\login.js:30:37)
    at <anonymous>
    at process._tickCallback (internal/process/next_tick.js:188:7)

pid: 10904
hostname: DESKTOP-H7LLNK9

2018-11-01 10:04:40,466 ERROR 3104 [-/127.0.0.1/-/40ms POST /login] nodejs.TypeError: Cannot read property 'passworld' of null
    at LoginController.login (F:\FKserver\FKserver\app\controller\login\login.js:30:37)
    at <anonymous>
    at process._tickCallback (internal/process/next_tick.js:188:7)

pid: 3104
hostname: DESKTOP-H7LLNK9

2018-11-01 10:06:08,380 ERROR 7836 [-/127.0.0.1/-/39ms POST /login] nodejs.TypeError: Cannot read property 'passworld' of null
    at LoginController.login (F:\FKserver\FKserver\app\controller\login\login.js:30:37)
    at <anonymous>
    at process._tickCallback (internal/process/next_tick.js:188:7)

pid: 7836
hostname: DESKTOP-H7LLNK9

2018-11-01 10:07:57,620 ERROR 4436 [-/127.0.0.1/-/111ms POST /login] nodejs.TypeError: Assignment to constant variable.
    at LoginController.login (F:\FKserver\FKserver\app\controller\login\login.js:15:8)
    at <anonymous>
    at process._tickCallback (internal/process/next_tick.js:188:7)

pid: 4436
hostname: DESKTOP-H7LLNK9

2018-11-01 10:13:23,263 ERROR 2248 [-/127.0.0.1/-/50ms POST /login] nodejs.TypeError: Assignment to constant variable.
    at LoginController.login (F:\FKserver\FKserver\app\controller\login\login.js:15:8)
    at <anonymous>
    at process._tickCallback (internal/process/next_tick.js:188:7)

pid: 2248
hostname: DESKTOP-H7LLNK9

2018-11-01 10:35:42,402 ERROR 8220 nodejs.unhandledExceptionError: read ECONNRESET
    at _errnoException (util.js:1022:11)
    at TCP.onread (net.js:628:25)
code: "ECONNRESET"
errno: "ECONNRESET"
syscall: "read"
name: "unhandledExceptionError"
pid: 8220
hostname: DESKTOP-H7LLNK9

2018-11-01 11:13:32,229 ERROR 9092 [-/127.0.0.1/-/3ms GET /] nodejs.AssertionError [ERR_ASSERTION]: Can't find viewFK/start/index.html from F:\FKserver\FKserver\app\view
    at Map.resolve (F:\FKserver\FKserver\node_modules\egg-view\lib\view_manager.js:74:5)
    at <anonymous>
generatedMessage: false
name: "AssertionError [ERR_ASSERTION]"
code: "ERR_ASSERTION"
actual: undefined
expected: true
operator: "=="
pid: 9092
hostname: DESKTOP-H7LLNK9

2018-11-01 11:14:02,481 ERROR 9092 [-/127.0.0.1/-/1ms GET /] nodejs.AssertionError [ERR_ASSERTION]: Can't find viewFK/start/index.html from F:\FKserver\FKserver\app\view
    at Map.resolve (F:\FKserver\FKserver\node_modules\egg-view\lib\view_manager.js:74:5)
    at <anonymous>
generatedMessage: false
name: "AssertionError [ERR_ASSERTION]"
code: "ERR_ASSERTION"
actual: undefined
expected: true
operator: "=="
pid: 9092
hostname: DESKTOP-H7LLNK9

2018-11-01 11:16:05,045 ERROR 12180 [-/127.0.0.1/-/4ms GET /] nodejs.AssertionError [ERR_ASSERTION]: Can't find viewFK/start/index.ejs from F:\FKserver\FKserver\app\view
    at Map.resolve (F:\FKserver\FKserver\node_modules\egg-view\lib\view_manager.js:74:5)
    at <anonymous>
generatedMessage: false
name: "AssertionError [ERR_ASSERTION]"
code: "ERR_ASSERTION"
actual: undefined
expected: true
operator: "=="
pid: 12180
hostname: DESKTOP-H7LLNK9

2018-11-01 11:16:21,444 ERROR 9924 [-/127.0.0.1/-/13ms GET /] nodejs.AssertionError [ERR_ASSERTION]: Can't find ViewEngine "ejs"
    at ContextView.[contextView#getViewEngine] (F:\FKserver\FKserver\node_modules\egg-view\lib\context_view.js:88:5)
    at ContextView.[contextView#render] (F:\FKserver\FKserver\node_modules\egg-view\lib\context_view.js:69:39)
    at <anonymous>
generatedMessage: false
name: "AssertionError [ERR_ASSERTION]"
code: "ERR_ASSERTION"
actual: undefined
expected: true
operator: "=="
pid: 9924
hostname: DESKTOP-H7LLNK9

2018-11-01 11:17:01,391 ERROR 3212 [-/127.0.0.1/-/14ms GET /] nodejs.AssertionError [ERR_ASSERTION]: Can't find ViewEngine "ejs"
    at ContextView.[contextView#getViewEngine] (F:\FKserver\FKserver\node_modules\egg-view\lib\context_view.js:88:5)
    at ContextView.[contextView#render] (F:\FKserver\FKserver\node_modules\egg-view\lib\context_view.js:69:39)
    at <anonymous>
generatedMessage: false
name: "AssertionError [ERR_ASSERTION]"
code: "ERR_ASSERTION"
actual: undefined
expected: true
operator: "=="
pid: 3212
hostname: DESKTOP-H7LLNK9

2018-11-01 11:17:04,866 ERROR 3212 [-/127.0.0.1/-/1ms GET /] nodejs.AssertionError [ERR_ASSERTION]: Can't find ViewEngine "ejs"
    at ContextView.[contextView#getViewEngine] (F:\FKserver\FKserver\node_modules\egg-view\lib\context_view.js:88:5)
    at ContextView.[contextView#render] (F:\FKserver\FKserver\node_modules\egg-view\lib\context_view.js:69:39)
    at <anonymous>
generatedMessage: false
name: "AssertionError [ERR_ASSERTION]"
code: "ERR_ASSERTION"
actual: undefined
expected: true
operator: "=="
pid: 3212
hostname: DESKTOP-H7LLNK9

2018-11-01 11:17:37,602 ERROR 11288 [-/127.0.0.1/-/17ms GET /] nodejs.AssertionError [ERR_ASSERTION]: Can't find viewEngine for F:\FKserver\FKserver\app\view\viewFK\start\index.html
    at ContextView.[contextView#render] (F:\FKserver\FKserver\node_modules\egg-view\lib\context_view.js:66:5)
    at <anonymous>
generatedMessage: false
name: "AssertionError [ERR_ASSERTION]"
code: "ERR_ASSERTION"
actual: ""
expected: true
operator: "=="
pid: 11288
hostname: DESKTOP-H7LLNK9

2018-11-01 11:26:57,796 ERROR 5240 [-/127.0.0.1/-/10ms GET /] nodejs.AssertionError [ERR_ASSERTION]: Can't find viewFK/start/index.ejs from F:\FKserver\FKserver\app\view
    at Map.resolve (F:\FKserver\FKserver\node_modules\egg-view\lib\view_manager.js:74:5)
    at <anonymous>
generatedMessage: false
name: "AssertionError [ERR_ASSERTION]"
code: "ERR_ASSERTION"
actual: undefined
expected: true
operator: "=="
pid: 5240
hostname: DESKTOP-H7LLNK9

2018-11-01 13:14:01,824 ERROR 7884 nodejs.EPERMError: Error watching file for changes: EPERM
    at _errnoException (util.js:1022:11)
    at FSEvent.FSWatcher._handle.onchange (fs.js:1359:9)
code: "EPERM"
errno: "EPERM"
syscall: "Error watching file for changes:"
filename: null
dir: "F:\\FKserver\\FKserver\\app\\view\\public\\css\\login_css"
name: "EPERMError"
pid: 7884
hostname: DESKTOP-H7LLNK9

2018-11-01 13:14:01,830 ERROR 7884 nodejs.EPERMError: Error watching file for changes: EPERM
    at _errnoException (util.js:1022:11)
    at FSEvent.FSWatcher._handle.onchange (fs.js:1359:9)
code: "EPERM"
errno: "EPERM"
syscall: "Error watching file for changes:"
filename: null
dir: "F:\\FKserver\\FKserver\\app\\view\\public\\css"
name: "EPERMError"
pid: 7884
hostname: DESKTOP-H7LLNK9

2018-11-01 13:14:05,703 ERROR 7884 nodejs.EPERMError: Error watching file for changes: EPERM
    at _errnoException (util.js:1022:11)
    at FSEvent.FSWatcher._handle.onchange (fs.js:1359:9)
code: "EPERM"
errno: "EPERM"
syscall: "Error watching file for changes:"
filename: null
dir: "F:\\FKserver\\FKserver\\app\\view\\public"
name: "EPERMError"
pid: 7884
hostname: DESKTOP-H7LLNK9

2018-11-01 13:36:39,406 ERROR 7884 nodejs.EPERMError: Error watching file for changes: EPERM
    at _errnoException (util.js:1022:11)
    at FSEvent.FSWatcher._handle.onchange (fs.js:1359:9)
code: "EPERM"
errno: "EPERM"
syscall: "Error watching file for changes:"
filename: null
dir: "F:\\FKserver\\FKserver\\app\\view\\viewFK\\帮助"
name: "EPERMError"
pid: 7884
hostname: DESKTOP-H7LLNK9

2018-11-01 13:36:39,431 ERROR 7884 nodejs.EPERMError: Error watching file for changes: EPERM
    at _errnoException (util.js:1022:11)
    at FSEvent.FSWatcher._handle.onchange (fs.js:1359:9)
code: "EPERM"
errno: "EPERM"
syscall: "Error watching file for changes:"
filename: null
dir: "F:\\FKserver\\FKserver\\app\\view\\viewFK\\dist\\controller"
name: "EPERMError"
pid: 7884
hostname: DESKTOP-H7LLNK9

2018-11-01 13:36:39,549 ERROR 7884 nodejs.EPERMError: Error watching file for changes: EPERM
    at _errnoException (util.js:1022:11)
    at FSEvent.FSWatcher._handle.onchange (fs.js:1359:9)
code: "EPERM"
errno: "EPERM"
syscall: "Error watching file for changes:"
filename: null
dir: "F:\\FKserver\\FKserver\\app\\view\\viewFK\\dist\\json\\layer"
name: "EPERMError"
pid: 7884
hostname: DESKTOP-H7LLNK9

2018-11-01 13:36:39,566 ERROR 7884 nodejs.EPERMError: Error watching file for changes: EPERM
    at _errnoException (util.js:1022:11)
    at FSEvent.FSWatcher._handle.onchange (fs.js:1359:9)
code: "EPERM"
errno: "EPERM"
syscall: "Error watching file for changes:"
filename: null
dir: "F:\\FKserver\\FKserver\\app\\view\\viewFK\\dist\\json\\mall"
name: "EPERMError"
pid: 7884
hostname: DESKTOP-H7LLNK9

2018-11-01 13:36:39,568 ERROR 7884 nodejs.EPERMError: Error watching file for changes: EPERM
    at _errnoException (util.js:1022:11)
    at FSEvent.FSWatcher._handle.onchange (fs.js:1359:9)
code: "EPERM"
errno: "EPERM"
syscall: "Error watching file for changes:"
filename: null
dir: "F:\\FKserver\\FKserver\\app\\view\\viewFK\\dist\\json\\message"
name: "EPERMError"
pid: 7884
hostname: DESKTOP-H7LLNK9

2018-11-01 13:36:39,570 ERROR 7884 nodejs.EPERMError: Error watching file for changes: EPERM
    at _errnoException (util.js:1022:11)
    at FSEvent.FSWatcher._handle.onchange (fs.js:1359:9)
code: "EPERM"
errno: "EPERM"
syscall: "Error watching file for changes:"
filename: null
dir: "F:\\FKserver\\FKserver\\app\\view\\viewFK\\dist\\layui\\font"
name: "EPERMError"
pid: 7884
hostname: DESKTOP-H7LLNK9

2018-11-01 13:36:39,575 ERROR 7884 nodejs.EPERMError: Error watching file for changes: EPERM
    at _errnoException (util.js:1022:11)
    at FSEvent.FSWatcher._handle.onchange (fs.js:1359:9)
code: "EPERM"
errno: "EPERM"
syscall: "Error watching file for changes:"
filename: null
dir: "F:\\FKserver\\FKserver\\app\\view\\viewFK\\dist\\json\\user"
name: "EPERMError"
pid: 7884
hostname: DESKTOP-H7LLNK9

2018-11-01 13:36:39,577 ERROR 7884 nodejs.EPERMError: Error watching file for changes: EPERM
    at _errnoException (util.js:1022:11)
    at FSEvent.FSWatcher._handle.onchange (fs.js:1359:9)
code: "EPERM"
errno: "EPERM"
syscall: "Error watching file for changes:"
filename: null
dir: "F:\\FKserver\\FKserver\\app\\view\\viewFK\\dist\\lib\\extend"
name: "EPERMError"
pid: 7884
hostname: DESKTOP-H7LLNK9

2018-11-01 13:36:39,579 ERROR 7884 nodejs.EPERMError: Error watching file for changes: EPERM
    at _errnoException (util.js:1022:11)
    at FSEvent.FSWatcher._handle.onchange (fs.js:1359:9)
code: "EPERM"
errno: "EPERM"
syscall: "Error watching file for changes:"
filename: null
dir: "F:\\FKserver\\FKserver\\app\\view\\viewFK\\dist\\style\\res"
name: "EPERMError"
pid: 7884
hostname: DESKTOP-H7LLNK9

2018-11-01 13:36:39,581 ERROR 7884 nodejs.EPERMError: Error watching file for changes: EPERM
    at _errnoException (util.js:1022:11)
    at FSEvent.FSWatcher._handle.onchange (fs.js:1359:9)
code: "EPERM"
errno: "EPERM"
syscall: "Error watching file for changes:"
filename: null
dir: "F:\\FKserver\\FKserver\\app\\view\\viewFK\\dist\\views\\system"
name: "EPERMError"
pid: 7884
hostname: DESKTOP-H7LLNK9

2018-11-01 13:36:39,609 ERROR 7884 nodejs.EPERMError: Error watching file for changes: EPERM
    at _errnoException (util.js:1022:11)
    at FSEvent.FSWatcher._handle.onchange (fs.js:1359:9)
code: "EPERM"
errno: "EPERM"
syscall: "Error watching file for changes:"
filename: null
dir: "F:\\FKserver\\FKserver\\app\\view\\viewFK\\src\\style\\res"
name: "EPERMError"
pid: 7884
hostname: DESKTOP-H7LLNK9

2018-11-01 13:36:39,612 ERROR 7884 nodejs.EPERMError: Error watching file for changes: EPERM
    at _errnoException (util.js:1022:11)
    at FSEvent.FSWatcher._handle.onchange (fs.js:1359:9)
code: "EPERM"
errno: "EPERM"
syscall: "Error watching file for changes:"
filename: null
dir: "F:\\FKserver\\FKserver\\app\\view\\viewFK\\src\\lib\\extend"
name: "EPERMError"
pid: 7884
hostname: DESKTOP-H7LLNK9

2018-11-01 13:36:39,638 ERROR 7884 nodejs.EPERMError: Error watching file for changes: EPERM
    at _errnoException (util.js:1022:11)
    at FSEvent.FSWatcher._handle.onchange (fs.js:1359:9)
code: "EPERM"
errno: "EPERM"
syscall: "Error watching file for changes:"
filename: null
dir: "F:\\FKserver\\FKserver\\app\\view\\viewFK\\src\\views\\system"
name: "EPERMError"
pid: 7884
hostname: DESKTOP-H7LLNK9

2018-11-01 13:36:39,640 ERROR 7884 nodejs.EPERMError: Error watching file for changes: EPERM
    at _errnoException (util.js:1022:11)
    at FSEvent.FSWatcher._handle.onchange (fs.js:1359:9)
code: "EPERM"
errno: "EPERM"
syscall: "Error watching file for changes:"
filename: null
dir: "F:\\FKserver\\FKserver\\app\\view\\viewFK\\start\\json\\console"
name: "EPERMError"
pid: 7884
hostname: DESKTOP-H7LLNK9

2018-11-01 13:36:39,641 ERROR 7884 nodejs.EPERMError: Error watching file for changes: EPERM
    at _errnoException (util.js:1022:11)
    at FSEvent.FSWatcher._handle.onchange (fs.js:1359:9)
code: "EPERM"
errno: "EPERM"
syscall: "Error watching file for changes:"
filename: null
dir: "F:\\FKserver\\FKserver\\app\\view\\viewFK\\start\\json\\layer"
name: "EPERMError"
pid: 7884
hostname: DESKTOP-H7LLNK9

2018-11-01 13:36:39,643 ERROR 7884 nodejs.EPERMError: Error watching file for changes: EPERM
    at _errnoException (util.js:1022:11)
    at FSEvent.FSWatcher._handle.onchange (fs.js:1359:9)
code: "EPERM"
errno: "EPERM"
syscall: "Error watching file for changes:"
filename: null
dir: "F:\\FKserver\\FKserver\\app\\view\\viewFK\\start\\json\\mall"
name: "EPERMError"
pid: 7884
hostname: DESKTOP-H7LLNK9

2018-11-01 13:36:39,644 ERROR 7884 nodejs.EPERMError: Error watching file for changes: EPERM
    at _errnoException (util.js:1022:11)
    at FSEvent.FSWatcher._handle.onchange (fs.js:1359:9)
code: "EPERM"
errno: "EPERM"
syscall: "Error watching file for changes:"
filename: null
dir: "F:\\FKserver\\FKserver\\app\\view\\viewFK\\start\\json\\user"
name: "EPERMError"
pid: 7884
hostname: DESKTOP-H7LLNK9

2018-11-01 13:36:39,645 ERROR 7884 nodejs.EPERMError: Error watching file for changes: EPERM
    at _errnoException (util.js:1022:11)
    at FSEvent.FSWatcher._handle.onchange (fs.js:1359:9)
code: "EPERM"
errno: "EPERM"
syscall: "Error watching file for changes:"
filename: null
dir: "F:\\FKserver\\FKserver\\app\\view\\viewFK\\start\\json\\message"
name: "EPERMError"
pid: 7884
hostname: DESKTOP-H7LLNK9

2018-11-01 13:36:39,647 ERROR 7884 nodejs.EPERMError: Error watching file for changes: EPERM
    at _errnoException (util.js:1022:11)
    at FSEvent.FSWatcher._handle.onchange (fs.js:1359:9)
code: "EPERM"
errno: "EPERM"
syscall: "Error watching file for changes:"
filename: null
dir: "F:\\FKserver\\FKserver\\app\\view\\viewFK\\start\\layui\\font"
name: "EPERMError"
pid: 7884
hostname: DESKTOP-H7LLNK9

2018-11-01 13:36:39,696 ERROR 7884 nodejs.EPERMError: Error watching file for changes: EPERM
    at _errnoException (util.js:1022:11)
    at FSEvent.FSWatcher._handle.onchange (fs.js:1359:9)
code: "EPERM"
errno: "EPERM"
syscall: "Error watching file for changes:"
filename: null
dir: "F:\\FKserver\\FKserver\\app\\view\\viewFK\\dist\\layui\\lay\\modules"
name: "EPERMError"
pid: 7884
hostname: DESKTOP-H7LLNK9

2018-11-01 13:36:39,698 ERROR 7884 nodejs.EPERMError: Error watching file for changes: EPERM
    at _errnoException (util.js:1022:11)
    at FSEvent.FSWatcher._handle.onchange (fs.js:1359:9)
code: "EPERM"
errno: "EPERM"
syscall: "Error watching file for changes:"
filename: null
dir: "F:\\FKserver\\FKserver\\app\\view\\viewFK\\dist\\layui\\images\\face"
name: "EPERMError"
pid: 7884
hostname: DESKTOP-H7LLNK9

2018-11-01 13:36:40,007 ERROR 7884 nodejs.EPERMError: Error watching file for changes: EPERM
    at _errnoException (util.js:1022:11)
    at FSEvent.FSWatcher._handle.onchange (fs.js:1359:9)
code: "EPERM"
errno: "EPERM"
syscall: "Error watching file for changes:"
filename: null
dir: "F:\\FKserver\\FKserver\\app\\view\\viewFK\\dist\\layui\\css\\modules\\laydate\\default"
name: "EPERMError"
pid: 7884
hostname: DESKTOP-H7LLNK9

2018-11-01 13:36:40,009 ERROR 7884 nodejs.EPERMError: Error watching file for changes: EPERM
    at _errnoException (util.js:1022:11)
    at FSEvent.FSWatcher._handle.onchange (fs.js:1359:9)
code: "EPERM"
errno: "EPERM"
syscall: "Error watching file for changes:"
filename: null
dir: "F:\\FKserver\\FKserver\\app\\view\\viewFK\\dist\\layui\\css\\modules\\layim\\html"
name: "EPERMError"
pid: 7884
hostname: DESKTOP-H7LLNK9

2018-11-01 13:36:40,010 ERROR 7884 nodejs.EPERMError: Error watching file for changes: EPERM
    at _errnoException (util.js:1022:11)
    at FSEvent.FSWatcher._handle.onchange (fs.js:1359:9)
code: "EPERM"
errno: "EPERM"
syscall: "Error watching file for changes:"
filename: null
dir: "F:\\FKserver\\FKserver\\app\\view\\viewFK\\dist\\layui\\css\\modules\\layer\\default"
name: "EPERMError"
pid: 7884
hostname: DESKTOP-H7LLNK9

2018-11-01 13:36:40,011 ERROR 7884 nodejs.EPERMError: Error watching file for changes: EPERM
    at _errnoException (util.js:1022:11)
    at FSEvent.FSWatcher._handle.onchange (fs.js:1359:9)
code: "EPERM"
errno: "EPERM"
syscall: "Error watching file for changes:"
filename: null
dir: "F:\\FKserver\\FKserver\\app\\view\\viewFK\\dist\\layui\\css\\modules\\layim\\skin"
name: "EPERMError"
pid: 7884
hostname: DESKTOP-H7LLNK9

2018-11-01 13:36:40,012 ERROR 7884 nodejs.EPERMError: Error watching file for changes: EPERM
    at _errnoException (util.js:1022:11)
    at FSEvent.FSWatcher._handle.onchange (fs.js:1359:9)
code: "EPERM"
errno: "EPERM"
syscall: "Error watching file for changes:"
filename: null
dir: "F:\\FKserver\\FKserver\\app\\view\\viewFK\\dist\\layui\\css\\modules\\layim\\voice"
name: "EPERMError"
pid: 7884
hostname: DESKTOP-H7LLNK9

2018-11-01 13:36:40,013 ERROR 7884 nodejs.EPERMError: Error watching file for changes: EPERM
    at _errnoException (util.js:1022:11)
    at FSEvent.FSWatcher._handle.onchange (fs.js:1359:9)
code: "EPERM"
errno: "EPERM"
syscall: "Error watching file for changes:"
filename: null
dir: "F:\\FKserver\\FKserver\\app\\view\\viewFK\\dist\\layui\\css\\modules\\layim\\mobile"
name: "EPERMError"
pid: 7884
hostname: DESKTOP-H7LLNK9

2018-11-01 13:36:40,015 ERROR 7884 nodejs.EPERMError: Error watching file for changes: EPERM
    at _errnoException (util.js:1022:11)
    at FSEvent.FSWatcher._handle.onchange (fs.js:1359:9)
code: "EPERM"
errno: "EPERM"
syscall: "Error watching file for changes:"
filename: null
dir: "F:\\FKserver\\FKserver\\app\\view\\viewFK\\start\\layui\\css\\modules\\layer\\default"
name: "EPERMError"
pid: 7884
hostname: DESKTOP-H7LLNK9

2018-11-01 13:36:40,016 ERROR 7884 nodejs.EPERMError: Error watching file for changes: EPERM
    at _errnoException (util.js:1022:11)
    at FSEvent.FSWatcher._handle.onchange (fs.js:1359:9)
code: "EPERM"
errno: "EPERM"
syscall: "Error watching file for changes:"
filename: null
dir: "F:\\FKserver\\FKserver\\app\\view\\viewFK\\start\\layui\\css\\modules\\laydate\\default"
name: "EPERMError"
pid: 7884
hostname: DESKTOP-H7LLNK9

2018-11-01 13:36:40,017 ERROR 7884 nodejs.EPERMError: Error watching file for changes: EPERM
    at _errnoException (util.js:1022:11)
    at FSEvent.FSWatcher._handle.onchange (fs.js:1359:9)
code: "EPERM"
errno: "EPERM"
syscall: "Error watching file for changes:"
filename: null
dir: "F:\\FKserver\\FKserver\\app\\view\\viewFK\\start\\layui\\css\\modules\\layim\\html"
name: "EPERMError"
pid: 7884
hostname: DESKTOP-H7LLNK9

2018-11-01 13:36:40,018 ERROR 7884 nodejs.EPERMError: Error watching file for changes: EPERM
    at _errnoException (util.js:1022:11)
    at FSEvent.FSWatcher._handle.onchange (fs.js:1359:9)
code: "EPERM"
errno: "EPERM"
syscall: "Error watching file for changes:"
filename: null
dir: "F:\\FKserver\\FKserver\\app\\view\\viewFK\\start\\layui\\css\\modules\\layim\\skin"
name: "EPERMError"
pid: 7884
hostname: DESKTOP-H7LLNK9

2018-11-01 13:36:40,019 ERROR 7884 nodejs.EPERMError: Error watching file for changes: EPERM
    at _errnoException (util.js:1022:11)
    at FSEvent.FSWatcher._handle.onchange (fs.js:1359:9)
code: "EPERM"
errno: "EPERM"
syscall: "Error watching file for changes:"
filename: null
dir: "F:\\FKserver\\FKserver\\app\\view\\viewFK\\start\\layui\\css\\modules\\layim\\voice"
name: "EPERMError"
pid: 7884
hostname: DESKTOP-H7LLNK9

2018-11-01 13:36:40,020 ERROR 7884 nodejs.EPERMError: Error watching file for changes: EPERM
    at _errnoException (util.js:1022:11)
    at FSEvent.FSWatcher._handle.onchange (fs.js:1359:9)
code: "EPERM"
errno: "EPERM"
syscall: "Error watching file for changes:"
filename: null
dir: "F:\\FKserver\\FKserver\\app\\view\\viewFK\\start\\layui\\css\\modules\\layim\\mobile"
name: "EPERMError"
pid: 7884
hostname: DESKTOP-H7LLNK9

2018-11-01 13:36:42,056 ERROR 7884 nodejs.EPERMError: Error watching file for changes: EPERM
    at _errnoException (util.js:1022:11)
    at FSEvent.FSWatcher._handle.onchange (fs.js:1359:9)
code: "EPERM"
errno: "EPERM"
syscall: "Error watching file for changes:"
filename: null
dir: "F:\\FKserver\\FKserver\\app\\view\\viewFK\\src\\lib"
name: "EPERMError"
pid: 7884
hostname: DESKTOP-H7LLNK9

2018-11-01 13:36:42,064 ERROR 7884 nodejs.EPERMError: Error watching file for changes: EPERM
    at _errnoException (util.js:1022:11)
    at FSEvent.FSWatcher._handle.onchange (fs.js:1359:9)
code: "EPERM"
errno: "EPERM"
syscall: "Error watching file for changes:"
filename: null
dir: "F:\\FKserver\\FKserver\\app\\view\\viewFK\\src\\style"
name: "EPERMError"
pid: 7884
hostname: DESKTOP-H7LLNK9

2018-11-01 13:36:42,068 ERROR 7884 nodejs.EPERMError: Error watching file for changes: EPERM
    at _errnoException (util.js:1022:11)
    at FSEvent.FSWatcher._handle.onchange (fs.js:1359:9)
code: "EPERM"
errno: "EPERM"
syscall: "Error watching file for changes:"
filename: null
dir: "F:\\FKserver\\FKserver\\app\\view\\viewFK\\dist\\json"
name: "EPERMError"
pid: 7884
hostname: DESKTOP-H7LLNK9

2018-11-01 13:36:42,075 ERROR 7884 nodejs.EPERMError: Error watching file for changes: EPERM
    at _errnoException (util.js:1022:11)
    at FSEvent.FSWatcher._handle.onchange (fs.js:1359:9)
code: "EPERM"
errno: "EPERM"
syscall: "Error watching file for changes:"
filename: null
dir: "F:\\FKserver\\FKserver\\app\\view\\viewFK\\dist\\lib"
name: "EPERMError"
pid: 7884
hostname: DESKTOP-H7LLNK9

2018-11-01 13:36:42,078 ERROR 7884 nodejs.EPERMError: Error watching file for changes: EPERM
    at _errnoException (util.js:1022:11)
    at FSEvent.FSWatcher._handle.onchange (fs.js:1359:9)
code: "EPERM"
errno: "EPERM"
syscall: "Error watching file for changes:"
filename: null
dir: "F:\\FKserver\\FKserver\\app\\view\\viewFK\\dist\\style"
name: "EPERMError"
pid: 7884
hostname: DESKTOP-H7LLNK9

2018-11-01 13:36:42,080 ERROR 7884 nodejs.EPERMError: Error watching file for changes: EPERM
    at _errnoException (util.js:1022:11)
    at FSEvent.FSWatcher._handle.onchange (fs.js:1359:9)
code: "EPERM"
errno: "EPERM"
syscall: "Error watching file for changes:"
filename: null
dir: "F:\\FKserver\\FKserver\\app\\view\\viewFK\\start\\json"
name: "EPERMError"
pid: 7884
hostname: DESKTOP-H7LLNK9

2018-11-01 13:36:42,081 ERROR 7884 nodejs.EPERMError: Error watching file for changes: EPERM
    at _errnoException (util.js:1022:11)
    at FSEvent.FSWatcher._handle.onchange (fs.js:1359:9)
code: "EPERM"
errno: "EPERM"
syscall: "Error watching file for changes:"
filename: null
dir: "F:\\FKserver\\FKserver\\app\\view\\viewFK\\src\\views\\app"
name: "EPERMError"
pid: 7884
hostname: DESKTOP-H7LLNK9

2018-11-01 13:36:42,104 ERROR 7884 nodejs.EPERMError: Error watching file for changes: EPERM
    at _errnoException (util.js:1022:11)
    at FSEvent.FSWatcher._handle.onchange (fs.js:1359:9)
code: "EPERM"
errno: "EPERM"
syscall: "Error watching file for changes:"
filename: null
dir: "F:\\FKserver\\FKserver\\app\\view\\viewFK\\src\\views\\component"
name: "EPERMError"
pid: 7884
hostname: DESKTOP-H7LLNK9

2018-11-01 13:36:42,106 ERROR 7884 nodejs.EPERMError: Error watching file for changes: EPERM
    at _errnoException (util.js:1022:11)
    at FSEvent.FSWatcher._handle.onchange (fs.js:1359:9)
code: "EPERM"
errno: "EPERM"
syscall: "Error watching file for changes:"
filename: null
dir: "F:\\FKserver\\FKserver\\app\\view\\viewFK\\src\\views\\iframe"
name: "EPERMError"
pid: 7884
hostname: DESKTOP-H7LLNK9

2018-11-01 13:36:42,111 ERROR 7884 nodejs.EPERMError: Error watching file for changes: EPERM
    at _errnoException (util.js:1022:11)
    at FSEvent.FSWatcher._handle.onchange (fs.js:1359:9)
code: "EPERM"
errno: "EPERM"
syscall: "Error watching file for changes:"
filename: null
dir: "F:\\FKserver\\FKserver\\app\\view\\viewFK\\src\\views\\set"
name: "EPERMError"
pid: 7884
hostname: DESKTOP-H7LLNK9

2018-11-01 13:36:42,114 ERROR 7884 nodejs.EPERMError: Error watching file for changes: EPERM
    at _errnoException (util.js:1022:11)
    at FSEvent.FSWatcher._handle.onchange (fs.js:1359:9)
code: "EPERM"
errno: "EPERM"
syscall: "Error watching file for changes:"
filename: null
dir: "F:\\FKserver\\FKserver\\app\\view\\viewFK\\src\\views\\template"
name: "EPERMError"
pid: 7884
hostname: DESKTOP-H7LLNK9

2018-11-01 13:36:42,116 ERROR 7884 nodejs.EPERMError: Error watching file for changes: EPERM
    at _errnoException (util.js:1022:11)
    at FSEvent.FSWatcher._handle.onchange (fs.js:1359:9)
code: "EPERM"
errno: "EPERM"
syscall: "Error watching file for changes:"
filename: null
dir: "F:\\FKserver\\FKserver\\app\\view\\viewFK\\src\\views\\user"
name: "EPERMError"
pid: 7884
hostname: DESKTOP-H7LLNK9

2018-11-01 13:36:42,120 ERROR 7884 nodejs.EPERMError: Error watching file for changes: EPERM
    at _errnoException (util.js:1022:11)
    at FSEvent.FSWatcher._handle.onchange (fs.js:1359:9)
code: "EPERM"
errno: "EPERM"
syscall: "Error watching file for changes:"
filename: null
dir: "F:\\FKserver\\FKserver\\app\\view\\viewFK\\src\\views\\senior"
name: "EPERMError"
pid: 7884
hostname: DESKTOP-H7LLNK9

2018-11-01 13:36:42,126 ERROR 7884 nodejs.EPERMError: Error watching file for changes: EPERM
    at _errnoException (util.js:1022:11)
    at FSEvent.FSWatcher._handle.onchange (fs.js:1359:9)
code: "EPERM"
errno: "EPERM"
syscall: "Error watching file for changes:"
filename: null
dir: "F:\\FKserver\\FKserver\\app\\view\\viewFK\\dist\\layui\\images"
name: "EPERMError"
pid: 7884
hostname: DESKTOP-H7LLNK9

2018-11-01 13:36:42,147 ERROR 7884 nodejs.EPERMError: Error watching file for changes: EPERM
    at _errnoException (util.js:1022:11)
    at FSEvent.FSWatcher._handle.onchange (fs.js:1359:9)
code: "EPERM"
errno: "EPERM"
syscall: "Error watching file for changes:"
filename: null
dir: "F:\\FKserver\\FKserver\\app\\view\\viewFK\\dist\\layui\\lay"
name: "EPERMError"
pid: 7884
hostname: DESKTOP-H7LLNK9

2018-11-01 13:36:42,166 ERROR 7884 nodejs.EPERMError: Error watching file for changes: EPERM
    at _errnoException (util.js:1022:11)
    at FSEvent.FSWatcher._handle.onchange (fs.js:1359:9)
code: "EPERM"
errno: "EPERM"
syscall: "Error watching file for changes:"
filename: null
dir: "F:\\FKserver\\FKserver\\app\\view\\viewFK\\dist\\views\\component"
name: "EPERMError"
pid: 7884
hostname: DESKTOP-H7LLNK9

2018-11-01 13:36:42,169 ERROR 7884 nodejs.EPERMError: Error watching file for changes: EPERM
    at _errnoException (util.js:1022:11)
    at FSEvent.FSWatcher._handle.onchange (fs.js:1359:9)
code: "EPERM"
errno: "EPERM"
syscall: "Error watching file for changes:"
filename: null
dir: "F:\\FKserver\\FKserver\\app\\view\\viewFK\\dist\\views\\app"
name: "EPERMError"
pid: 7884
hostname: DESKTOP-H7LLNK9

2018-11-01 13:36:42,174 ERROR 7884 nodejs.EPERMError: Error watching file for changes: EPERM
    at _errnoException (util.js:1022:11)
    at FSEvent.FSWatcher._handle.onchange (fs.js:1359:9)
code: "EPERM"
errno: "EPERM"
syscall: "Error watching file for changes:"
filename: null
dir: "F:\\FKserver\\FKserver\\app\\view\\viewFK\\dist\\views\\senior"
name: "EPERMError"
pid: 7884
hostname: DESKTOP-H7LLNK9

2018-11-01 13:36:42,181 ERROR 7884 nodejs.EPERMError: Error watching file for changes: EPERM
    at _errnoException (util.js:1022:11)
    at FSEvent.FSWatcher._handle.onchange (fs.js:1359:9)
code: "EPERM"
errno: "EPERM"
syscall: "Error watching file for changes:"
filename: null
dir: "F:\\FKserver\\FKserver\\app\\view\\viewFK\\dist\\views\\iframe"
name: "EPERMError"
pid: 7884
hostname: DESKTOP-H7LLNK9

2018-11-01 13:36:42,190 ERROR 7884 nodejs.EPERMError: Error watching file for changes: EPERM
    at _errnoException (util.js:1022:11)
    at FSEvent.FSWatcher._handle.onchange (fs.js:1359:9)
code: "EPERM"
errno: "EPERM"
syscall: "Error watching file for changes:"
filename: null
dir: "F:\\FKserver\\FKserver\\app\\view\\viewFK\\dist\\views\\template"
name: "EPERMError"
pid: 7884
hostname: DESKTOP-H7LLNK9

2018-11-01 13:36:42,192 ERROR 7884 nodejs.EPERMError: Error watching file for changes: EPERM
    at _errnoException (util.js:1022:11)
    at FSEvent.FSWatcher._handle.onchange (fs.js:1359:9)
code: "EPERM"
errno: "EPERM"
syscall: "Error watching file for changes:"
filename: null
dir: "F:\\FKserver\\FKserver\\app\\view\\viewFK\\start\\layui\\images"
name: "EPERMError"
pid: 7884
hostname: DESKTOP-H7LLNK9

2018-11-01 13:36:42,195 ERROR 7884 nodejs.EPERMError: Error watching file for changes: EPERM
    at _errnoException (util.js:1022:11)
    at FSEvent.FSWatcher._handle.onchange (fs.js:1359:9)
code: "EPERM"
errno: "EPERM"
syscall: "Error watching file for changes:"
filename: null
dir: "F:\\FKserver\\FKserver\\app\\view\\viewFK\\dist\\views\\set"
name: "EPERMError"
pid: 7884
hostname: DESKTOP-H7LLNK9

2018-11-01 13:36:42,199 ERROR 7884 nodejs.EPERMError: Error watching file for changes: EPERM
    at _errnoException (util.js:1022:11)
    at FSEvent.FSWatcher._handle.onchange (fs.js:1359:9)
code: "EPERM"
errno: "EPERM"
syscall: "Error watching file for changes:"
filename: null
dir: "F:\\FKserver\\FKserver\\app\\view\\viewFK\\start\\layui\\lay"
name: "EPERMError"
pid: 7884
hostname: DESKTOP-H7LLNK9

2018-11-01 13:36:42,201 ERROR 7884 nodejs.EPERMError: Error watching file for changes: EPERM
    at _errnoException (util.js:1022:11)
    at FSEvent.FSWatcher._handle.onchange (fs.js:1359:9)
code: "EPERM"
errno: "EPERM"
syscall: "Error watching file for changes:"
filename: null
dir: "F:\\FKserver\\FKserver\\app\\view\\viewFK\\dist\\views\\user"
name: "EPERMError"
pid: 7884
hostname: DESKTOP-H7LLNK9

2018-11-01 13:36:42,208 ERROR 7884 nodejs.EPERMError: Error watching file for changes: EPERM
    at _errnoException (util.js:1022:11)
    at FSEvent.FSWatcher._handle.onchange (fs.js:1359:9)
code: "EPERM"
errno: "EPERM"
syscall: "Error watching file for changes:"
filename: null
dir: "F:\\FKserver\\FKserver\\app\\view\\viewFK\\dist\\layui\\css\\modules\\layer"
name: "EPERMError"
pid: 7884
hostname: DESKTOP-H7LLNK9

2018-11-01 13:36:42,212 ERROR 7884 nodejs.EPERMError: Error watching file for changes: EPERM
    at _errnoException (util.js:1022:11)
    at FSEvent.FSWatcher._handle.onchange (fs.js:1359:9)
code: "EPERM"
errno: "EPERM"
syscall: "Error watching file for changes:"
filename: null
dir: "F:\\FKserver\\FKserver\\app\\view\\viewFK\\dist\\layui\\css\\modules\\layim"
name: "EPERMError"
pid: 7884
hostname: DESKTOP-H7LLNK9

2018-11-01 13:36:42,214 ERROR 7884 nodejs.EPERMError: Error watching file for changes: EPERM
    at _errnoException (util.js:1022:11)
    at FSEvent.FSWatcher._handle.onchange (fs.js:1359:9)
code: "EPERM"
errno: "EPERM"
syscall: "Error watching file for changes:"
filename: null
dir: "F:\\FKserver\\FKserver\\app\\view\\viewFK\\dist\\layui\\css\\modules\\laydate"
name: "EPERMError"
pid: 7884
hostname: DESKTOP-H7LLNK9

2018-11-01 13:36:42,215 ERROR 7884 nodejs.EPERMError: Error watching file for changes: EPERM
    at _errnoException (util.js:1022:11)
    at FSEvent.FSWatcher._handle.onchange (fs.js:1359:9)
code: "EPERM"
errno: "EPERM"
syscall: "Error watching file for changes:"
filename: null
dir: "F:\\FKserver\\FKserver\\app\\view\\viewFK\\start\\layui\\css\\modules\\laydate"
name: "EPERMError"
pid: 7884
hostname: DESKTOP-H7LLNK9

2018-11-01 13:36:42,217 ERROR 7884 nodejs.EPERMError: Error watching file for changes: EPERM
    at _errnoException (util.js:1022:11)
    at FSEvent.FSWatcher._handle.onchange (fs.js:1359:9)
code: "EPERM"
errno: "EPERM"
syscall: "Error watching file for changes:"
filename: null
dir: "F:\\FKserver\\FKserver\\app\\view\\viewFK\\start\\layui\\css\\modules\\layer"
name: "EPERMError"
pid: 7884
hostname: DESKTOP-H7LLNK9

2018-11-01 13:36:42,219 ERROR 7884 nodejs.EPERMError: Error watching file for changes: EPERM
    at _errnoException (util.js:1022:11)
    at FSEvent.FSWatcher._handle.onchange (fs.js:1359:9)
code: "EPERM"
errno: "EPERM"
syscall: "Error watching file for changes:"
filename: null
dir: "F:\\FKserver\\FKserver\\app\\view\\viewFK\\start\\layui\\css\\modules\\layim"
name: "EPERMError"
pid: 7884
hostname: DESKTOP-H7LLNK9

2018-11-05 13:10:45,937 ERROR 10296 nodejs.ClusterClientNoResponseError: client no response in 2757743ms exceeding maxIdleTime 60000ms, maybe the connection is close on other side.
    at Timeout.Leader._heartbeatTimer.setInterval [as _onTimeout] (F:\FKserver\FKserver\node_modules\cluster-client\lib\leader.js:74:23)
    at ontimeout (timers.js:482:11)
    at tryOnTimeout (timers.js:317:5)
    at Timer.listOnTimeout (timers.js:277:5)
name: "ClusterClientNoResponseError"
pid: 10296
hostname: DESKTOP-H7LLNK9

2018-11-05 13:52:56,960 ERROR 10296 nodejs.ClusterClientNoResponseError: client no response in 550467ms exceeding maxIdleTime 60000ms, maybe the connection is close on other side.
    at Timeout.Leader._heartbeatTimer.setInterval [as _onTimeout] (F:\FKserver\FKserver\node_modules\cluster-client\lib\leader.js:74:23)
    at ontimeout (timers.js:482:11)
    at tryOnTimeout (timers.js:317:5)
    at Timer.listOnTimeout (timers.js:277:5)
name: "ClusterClientNoResponseError"
pid: 10296
hostname: DESKTOP-H7LLNK9

2018-11-06 16:24:29,122 ERROR 6704 [-/127.0.0.1/-/133ms POST /register] nodejs.ER_DUP_ENTRYError: ER_DUP_ENTRY: Duplicate entry '0' for key 'PRIMARY'
    at Query.Sequence._packetToError (F:\FKserver\FKserver\node_modules\mysql\lib\protocol\sequences\Sequence.js:47:14)
    at Query.ErrorPacket (F:\FKserver\FKserver\node_modules\mysql\lib\protocol\sequences\Query.js:77:18)
    at Protocol._parsePacket (F:\FKserver\FKserver\node_modules\mysql\lib\protocol\Protocol.js:278:23)
    at Parser.write (F:\FKserver\FKserver\node_modules\mysql\lib\protocol\Parser.js:76:12)
    at Protocol.write (F:\FKserver\FKserver\node_modules\mysql\lib\protocol\Protocol.js:38:16)
    at Socket.<anonymous> (F:\FKserver\FKserver\node_modules\mysql\lib\Connection.js:91:28)
    at Socket.<anonymous> (F:\FKserver\FKserver\node_modules\mysql\lib\Connection.js:502:10)
    at emitOne (events.js:116:13)
    at Socket.emit (events.js:211:7)
    at addChunk (_stream_readable.js:263:12)
    --------------------
    at Pool.query (F:\FKserver\FKserver\node_modules\mysql\lib\Pool.js:199:23)
    at F:\FKserver\FKserver\node_modules\ali-rds\node_modules\pify\index.js:29:7
    at new Promise (<anonymous>)
    at Pool.<anonymous> (F:\FKserver\FKserver\node_modules\ali-rds\node_modules\pify\index.js:12:10)
    at Pool.ret [as query] (F:\FKserver\FKserver\node_modules\ali-rds\node_modules\pify\index.js:56:34)
    at RDSClient.proto._query (F:\FKserver\FKserver\node_modules\ali-rds\lib\client.js:34:20)
    at RDSClient.proto.query (F:\FKserver\FKserver\node_modules\ali-rds\lib\operator.js:54:29)
    at proto.query.next (<anonymous>)
    at onFulfilled (F:\FKserver\FKserver\node_modules\co\index.js:65:19)
    at F:\FKserver\FKserver\node_modules\co\index.js:54:5
    sql: INSERT INTO `fk_user`() VALUES()
code: "ER_DUP_ENTRY"
errno: 1062
sqlMessage: "Duplicate entry '0' for key 'PRIMARY'"
sqlState: "23000"
index: 0
sql: "INSERT INTO `fk_user`() VALUES()"
name: "ER_DUP_ENTRYError"
pid: 6704
hostname: DESKTOP-H7LLNK9

2018-11-06 16:55:49,708 ERROR 13032 nodejs.unhandledExceptionError: read ECONNRESET
    at _errnoException (util.js:1022:11)
    at TCP.onread (net.js:628:25)
code: "ECONNRESET"
errno: "ECONNRESET"
syscall: "read"
name: "unhandledExceptionError"
pid: 13032
hostname: DESKTOP-H7LLNK9

2018-11-06 17:49:20,197 ERROR 15844 [-/127.0.0.1/-/101ms POST /register] nodejs.ER_DUP_ENTRYError: ER_DUP_ENTRY: Duplicate entry '0' for key 'PRIMARY'
    at Query.Sequence._packetToError (F:\FKserver\FKserver\node_modules\mysql\lib\protocol\sequences\Sequence.js:47:14)
    at Query.ErrorPacket (F:\FKserver\FKserver\node_modules\mysql\lib\protocol\sequences\Query.js:77:18)
    at Protocol._parsePacket (F:\FKserver\FKserver\node_modules\mysql\lib\protocol\Protocol.js:278:23)
    at Parser.write (F:\FKserver\FKserver\node_modules\mysql\lib\protocol\Parser.js:76:12)
    at Protocol.write (F:\FKserver\FKserver\node_modules\mysql\lib\protocol\Protocol.js:38:16)
    at Socket.<anonymous> (F:\FKserver\FKserver\node_modules\mysql\lib\Connection.js:91:28)
    at Socket.<anonymous> (F:\FKserver\FKserver\node_modules\mysql\lib\Connection.js:502:10)
    at emitOne (events.js:116:13)
    at Socket.emit (events.js:211:7)
    at addChunk (_stream_readable.js:263:12)
    --------------------
    at Pool.query (F:\FKserver\FKserver\node_modules\mysql\lib\Pool.js:199:23)
    at F:\FKserver\FKserver\node_modules\ali-rds\node_modules\pify\index.js:29:7
    at new Promise (<anonymous>)
    at Pool.<anonymous> (F:\FKserver\FKserver\node_modules\ali-rds\node_modules\pify\index.js:12:10)
    at Pool.ret [as query] (F:\FKserver\FKserver\node_modules\ali-rds\node_modules\pify\index.js:56:34)
    at RDSClient.proto._query (F:\FKserver\FKserver\node_modules\ali-rds\lib\client.js:34:20)
    at RDSClient.proto.query (F:\FKserver\FKserver\node_modules\ali-rds\lib\operator.js:54:29)
    at proto.query.next (<anonymous>)
    at onFulfilled (F:\FKserver\FKserver\node_modules\co\index.js:65:19)
    at F:\FKserver\FKserver\node_modules\co\index.js:54:5
    sql: INSERT INTO `fk_user`(`USER_NAME`) VALUES('MakeTod')
code: "ER_DUP_ENTRY"
errno: 1062
sqlMessage: "Duplicate entry '0' for key 'PRIMARY'"
sqlState: "23000"
index: 0
sql: "INSERT INTO `fk_user`(`USER_NAME`) VALUES('MakeTod')"
name: "ER_DUP_ENTRYError"
pid: 15844
hostname: DESKTOP-H7LLNK9

2018-11-06 18:09:21,209 ERROR 7676 [-/127.0.0.1/-/62ms POST /register] nodejs.ER_DUP_ENTRYError: ER_DUP_ENTRY: Duplicate entry '0' for key 'PRIMARY'
    at Query.Sequence._packetToError (F:\FKserver\FKserver\node_modules\mysql\lib\protocol\sequences\Sequence.js:47:14)
    at Query.ErrorPacket (F:\FKserver\FKserver\node_modules\mysql\lib\protocol\sequences\Query.js:77:18)
    at Protocol._parsePacket (F:\FKserver\FKserver\node_modules\mysql\lib\protocol\Protocol.js:278:23)
    at Parser.write (F:\FKserver\FKserver\node_modules\mysql\lib\protocol\Parser.js:76:12)
    at Protocol.write (F:\FKserver\FKserver\node_modules\mysql\lib\protocol\Protocol.js:38:16)
    at Socket.<anonymous> (F:\FKserver\FKserver\node_modules\mysql\lib\Connection.js:91:28)
    at Socket.<anonymous> (F:\FKserver\FKserver\node_modules\mysql\lib\Connection.js:502:10)
    at emitOne (events.js:116:13)
    at Socket.emit (events.js:211:7)
    at addChunk (_stream_readable.js:263:12)
    --------------------
    at Pool.query (F:\FKserver\FKserver\node_modules\mysql\lib\Pool.js:199:23)
    at F:\FKserver\FKserver\node_modules\ali-rds\node_modules\pify\index.js:29:7
    at new Promise (<anonymous>)
    at Pool.<anonymous> (F:\FKserver\FKserver\node_modules\ali-rds\node_modules\pify\index.js:12:10)
    at Pool.ret [as query] (F:\FKserver\FKserver\node_modules\ali-rds\node_modules\pify\index.js:56:34)
    at RDSClient.proto._query (F:\FKserver\FKserver\node_modules\ali-rds\lib\client.js:34:20)
    at RDSClient.proto.query (F:\FKserver\FKserver\node_modules\ali-rds\lib\operator.js:54:29)
    at proto.query.next (<anonymous>)
    at onFulfilled (F:\FKserver\FKserver\node_modules\co\index.js:65:19)
    at F:\FKserver\FKserver\node_modules\co\index.js:54:5
    sql: INSERT INTO `fk_user`(`USER_NAME`) VALUES('MakeTod')
code: "ER_DUP_ENTRY"
errno: 1062
sqlMessage: "Duplicate entry '0' for key 'PRIMARY'"
sqlState: "23000"
index: 0
sql: "INSERT INTO `fk_user`(`USER_NAME`) VALUES('MakeTod')"
name: "ER_DUP_ENTRYError"
pid: 7676
hostname: DESKTOP-H7LLNK9

2018-11-07 10:48:15,173 ERROR 8896 [-/127.0.0.1/-/166ms POST /register] nodejs.ER_DUP_ENTRYError: ER_DUP_ENTRY: Duplicate entry 'MakeTod' for key 'USER_NAME'
    at Query.Sequence._packetToError (F:\FKserver\FKserver\node_modules\mysql\lib\protocol\sequences\Sequence.js:47:14)
    at Query.ErrorPacket (F:\FKserver\FKserver\node_modules\mysql\lib\protocol\sequences\Query.js:77:18)
    at Protocol._parsePacket (F:\FKserver\FKserver\node_modules\mysql\lib\protocol\Protocol.js:278:23)
    at Parser.write (F:\FKserver\FKserver\node_modules\mysql\lib\protocol\Parser.js:76:12)
    at Protocol.write (F:\FKserver\FKserver\node_modules\mysql\lib\protocol\Protocol.js:38:16)
    at Socket.<anonymous> (F:\FKserver\FKserver\node_modules\mysql\lib\Connection.js:91:28)
    at Socket.<anonymous> (F:\FKserver\FKserver\node_modules\mysql\lib\Connection.js:502:10)
    at emitOne (events.js:116:13)
    at Socket.emit (events.js:211:7)
    at addChunk (_stream_readable.js:263:12)
    --------------------
    at Pool.query (F:\FKserver\FKserver\node_modules\mysql\lib\Pool.js:199:23)
    at F:\FKserver\FKserver\node_modules\ali-rds\node_modules\pify\index.js:29:7
    at new Promise (<anonymous>)
    at Pool.<anonymous> (F:\FKserver\FKserver\node_modules\ali-rds\node_modules\pify\index.js:12:10)
    at Pool.ret [as query] (F:\FKserver\FKserver\node_modules\ali-rds\node_modules\pify\index.js:56:34)
    at RDSClient.proto._query (F:\FKserver\FKserver\node_modules\ali-rds\lib\client.js:34:20)
    at RDSClient.proto.query (F:\FKserver\FKserver\node_modules\ali-rds\lib\operator.js:54:29)
    at proto.query.next (<anonymous>)
    at onFulfilled (F:\FKserver\FKserver\node_modules\co\index.js:65:19)
    at F:\FKserver\FKserver\node_modules\co\index.js:54:5
    sql: INSERT INTO `fk_user`(`USER_NAME`, `ID`) VALUES('MakeTod', '92e91e70-e237-11e8-bddd-31e834188740')
code: "ER_DUP_ENTRY"
errno: 1062
sqlMessage: "Duplicate entry 'MakeTod' for key 'USER_NAME'"
sqlState: "23000"
index: 0
sql: "INSERT INTO `fk_user`(`USER_NAME`, `ID`) VALUES('MakeTod', '92e91e70-e237-11e8-bddd-31e834188740')"
name: "ER_DUP_ENTRYError"
pid: 8896
hostname: DESKTOP-H7LLNK9

2018-11-07 11:11:52,000 ERROR 8896 [-/127.0.0.1/-/93ms POST /register] nodejs.ReferenceError: result is not defined
    at LoginController.register (F:\FKserver\FKserver\app\controller\login\login.js:42:5)
    at <anonymous>
    at process._tickCallback (internal/process/next_tick.js:188:7)

pid: 8896
hostname: DESKTOP-H7LLNK9

2018-11-07 11:17:21,468 ERROR 8916 [-/127.0.0.1/-/113ms POST /register] nodejs.ReferenceError: result is not defined
    at LoginController.register (F:\FKserver\FKserver\app\controller\login\login.js:42:5)
    at <anonymous>
    at process._tickCallback (internal/process/next_tick.js:188:7)

pid: 8916
hostname: DESKTOP-H7LLNK9

2018-11-07 13:06:15,644 ERROR 11732 nodejs.ClusterClientNoResponseError: client no response in 2712057ms exceeding maxIdleTime 60000ms, maybe the connection is close on other side.
    at Timeout.Leader._heartbeatTimer.setInterval [as _onTimeout] (F:\FKserver\FKserver\node_modules\cluster-client\lib\leader.js:74:23)
    at ontimeout (timers.js:482:11)
    at tryOnTimeout (timers.js:317:5)
    at Timer.listOnTimeout (timers.js:277:5)
name: "ClusterClientNoResponseError"
pid: 11732
hostname: DESKTOP-H7LLNK9

2018-11-07 15:54:01,805 ERROR 11732 nodejs.unhandledExceptionError: read ECONNRESET
    at _errnoException (util.js:1022:11)
    at TCP.onread (net.js:628:25)
code: "ECONNRESET"
errno: "ECONNRESET"
syscall: "read"
name: "unhandledExceptionError"
pid: 11732
hostname: DESKTOP-H7LLNK9

2018-11-07 17:19:18,213 ERROR 11732 nodejs.unhandledExceptionError: read ECONNRESET
    at _errnoException (util.js:1022:11)
    at TCP.onread (net.js:628:25)
code: "ECONNRESET"
errno: "ECONNRESET"
syscall: "read"
name: "unhandledExceptionError"
pid: 11732
hostname: DESKTOP-H7LLNK9

2018-11-07 18:25:12,042 ERROR 11732 nodejs.unhandledExceptionError: read ECONNRESET
    at _errnoException (util.js:1022:11)
    at TCP.onread (net.js:628:25)
code: "ECONNRESET"
errno: "ECONNRESET"
syscall: "read"
name: "unhandledExceptionError"
pid: 11732
hostname: DESKTOP-H7LLNK9

2018-11-12 10:28:23,223 ERROR 32 [-/127.0.0.1/-/49ms POST /upload] nodejs.ReferenceError: Datenow is not defined
    at UploadController.upload (F:\FKserver\FKserver\app\controller\upload\upload.js:15:20)
    at <anonymous>
    at process._tickCallback (internal/process/next_tick.js:188:7)

pid: 32
hostname: DESKTOP-H7LLNK9

2018-11-12 14:45:36,011 ERROR 10404 [-/127.0.0.1/-/21ms POST /upload] nodejs.TypeError: ctx.headers is not a function
    at UploadController.upload (F:\FKserver\FKserver\app\controller\upload\upload.js:22:9)
    at <anonymous>

pid: 10404
hostname: DESKTOP-H7LLNK9

2018-11-12 15:00:24,458 ERROR 3292 [-/127.0.0.1/-/40ms POST /upload] nodejs.TypeError: Cannot set property 'src' of undefined
    at UploadController.upload (F:\FKserver\FKserver\app\controller\upload\upload.js:26:17)
    at <anonymous>

pid: 3292
hostname: DESKTOP-H7LLNK9

2018-11-12 15:00:37,420 ERROR 3292 [-/127.0.0.1/-/13ms POST /upload] nodejs.TypeError: Cannot set property 'src' of undefined
    at UploadController.upload (F:\FKserver\FKserver\app\controller\upload\upload.js:26:17)
    at <anonymous>

pid: 3292
hostname: DESKTOP-H7LLNK9

2018-11-13 11:49:40,643 ERROR 8256 nodejs.unhandledRejectionError: ER_BAD_FIELD_ERROR: Unknown column 'file' in 'field list'
    at Query.Sequence._packetToError (F:\FKserver\FKserver\node_modules\mysql\lib\protocol\sequences\Sequence.js:47:14)
    at Query.ErrorPacket (F:\FKserver\FKserver\node_modules\mysql\lib\protocol\sequences\Query.js:77:18)
    at Protocol._parsePacket (F:\FKserver\FKserver\node_modules\mysql\lib\protocol\Protocol.js:278:23)
    at Parser.write (F:\FKserver\FKserver\node_modules\mysql\lib\protocol\Parser.js:76:12)
    at Protocol.write (F:\FKserver\FKserver\node_modules\mysql\lib\protocol\Protocol.js:38:16)
    at Socket.<anonymous> (F:\FKserver\FKserver\node_modules\mysql\lib\Connection.js:91:28)
    at Socket.<anonymous> (F:\FKserver\FKserver\node_modules\mysql\lib\Connection.js:502:10)
    at emitOne (events.js:116:13)
    at Socket.emit (events.js:211:7)
    at addChunk (_stream_readable.js:263:12)
    --------------------
    at Pool.query (F:\FKserver\FKserver\node_modules\mysql\lib\Pool.js:199:23)
    at F:\FKserver\FKserver\node_modules\ali-rds\node_modules\pify\index.js:29:7
    at new Promise (<anonymous>)
    at Pool.<anonymous> (F:\FKserver\FKserver\node_modules\ali-rds\node_modules\pify\index.js:12:10)
    at Pool.ret [as query] (F:\FKserver\FKserver\node_modules\ali-rds\node_modules\pify\index.js:56:34)
    at RDSClient.proto._query (F:\FKserver\FKserver\node_modules\ali-rds\lib\client.js:34:20)
    at RDSClient.proto.query (F:\FKserver\FKserver\node_modules\ali-rds\lib\operator.js:54:29)
    at proto.query.next (<anonymous>)
    at onFulfilled (F:\FKserver\FKserver\node_modules\co\index.js:65:19)
    at F:\FKserver\FKserver\node_modules\co\index.js:54:5
    sql: INSERT INTO `ml_bz_data`(`BZ_NAME`, `file`, `BZ_SIGN`, `BZ_PHOTO`, `BZ_ELEMENT`) VALUES('12321', '', '321', 'http://127.0.0.1:7001/public/upload/1542080956203420.png', '3213')
code: "ER_BAD_FIELD_ERROR"
errno: 1054
sqlMessage: "Unknown column 'file' in 'field list'"
sqlState: "42S22"
index: 0
sql: "INSERT INTO `ml_bz_data`(`BZ_NAME`, `file`, `BZ_SIGN`, `BZ_PHOTO`, `BZ_ELEMENT`) VALUES('12321', '', '321', 'http://127.0.0.1:7001/public/upload/1542080956203420.png', '3213')"
name: "unhandledRejectionError"
pid: 8256
hostname: DESKTOP-H7LLNK9

2018-11-13 11:51:20,660 ERROR 8256 nodejs.unhandledRejectionError: ER_BAD_FIELD_ERROR: Unknown column 'file' in 'field list'
    at Query.Sequence._packetToError (F:\FKserver\FKserver\node_modules\mysql\lib\protocol\sequences\Sequence.js:47:14)
    at Query.ErrorPacket (F:\FKserver\FKserver\node_modules\mysql\lib\protocol\sequences\Query.js:77:18)
    at Protocol._parsePacket (F:\FKserver\FKserver\node_modules\mysql\lib\protocol\Protocol.js:278:23)
    at Parser.write (F:\FKserver\FKserver\node_modules\mysql\lib\protocol\Parser.js:76:12)
    at Protocol.write (F:\FKserver\FKserver\node_modules\mysql\lib\protocol\Protocol.js:38:16)
    at Socket.<anonymous> (F:\FKserver\FKserver\node_modules\mysql\lib\Connection.js:91:28)
    at Socket.<anonymous> (F:\FKserver\FKserver\node_modules\mysql\lib\Connection.js:502:10)
    at emitOne (events.js:116:13)
    at Socket.emit (events.js:211:7)
    at addChunk (_stream_readable.js:263:12)
    --------------------
    at Pool.query (F:\FKserver\FKserver\node_modules\mysql\lib\Pool.js:199:23)
    at F:\FKserver\FKserver\node_modules\ali-rds\node_modules\pify\index.js:29:7
    at new Promise (<anonymous>)
    at Pool.<anonymous> (F:\FKserver\FKserver\node_modules\ali-rds\node_modules\pify\index.js:12:10)
    at Pool.ret [as query] (F:\FKserver\FKserver\node_modules\ali-rds\node_modules\pify\index.js:56:34)
    at RDSClient.proto._query (F:\FKserver\FKserver\node_modules\ali-rds\lib\client.js:34:20)
    at RDSClient.proto.query (F:\FKserver\FKserver\node_modules\ali-rds\lib\operator.js:54:29)
    at proto.query.next (<anonymous>)
    at onFulfilled (F:\FKserver\FKserver\node_modules\co\index.js:65:19)
    at F:\FKserver\FKserver\node_modules\co\index.js:54:5
    sql: INSERT INTO `ml_bz_data`(`BZ_NAME`, `file`, `BZ_SIGN`, `BZ_PHOTO`, `BZ_ELEMENT`) VALUES('213213', '', '12213', 'http://127.0.0.1:7001/public/upload/1542081057287452.png', '213')
code: "ER_BAD_FIELD_ERROR"
errno: 1054
sqlMessage: "Unknown column 'file' in 'field list'"
sqlState: "42S22"
index: 0
sql: "INSERT INTO `ml_bz_data`(`BZ_NAME`, `file`, `BZ_SIGN`, `BZ_PHOTO`, `BZ_ELEMENT`) VALUES('213213', '', '12213', 'http://127.0.0.1:7001/public/upload/1542081057287452.png', '213')"
name: "unhandledRejectionError"
pid: 8256
hostname: DESKTOP-H7LLNK9

2018-11-13 13:04:37,622 ERROR 10736 nodejs.ClusterClientNoResponseError: client no response in 2459128ms exceeding maxIdleTime 60000ms, maybe the connection is close on other side.
    at Timeout.Leader._heartbeatTimer.setInterval [as _onTimeout] (F:\FKserver\FKserver\node_modules\cluster-client\lib\leader.js:74:23)
    at ontimeout (timers.js:482:11)
    at tryOnTimeout (timers.js:317:5)
    at Timer.listOnTimeout (timers.js:277:5)
name: "ClusterClientNoResponseError"
pid: 10736
hostname: DESKTOP-H7LLNK9

2018-11-13 17:49:22,794 ERROR 1688 nodejs.unhandledExceptionError: read ECONNRESET
    at _errnoException (util.js:1022:11)
    at TCP.onread (net.js:628:25)
code: "ECONNRESET"
errno: "ECONNRESET"
syscall: "read"
name: "unhandledExceptionError"
pid: 1688
hostname: DESKTOP-H7LLNK9

2018-11-14 13:13:03,309 ERROR 7412 nodejs.ClusterClientNoResponseError: client no response in 2919690ms exceeding maxIdleTime 60000ms, maybe the connection is close on other side.
    at Timeout.Leader._heartbeatTimer.setInterval [as _onTimeout] (F:\FKserver\FKserver\node_modules\cluster-client\lib\leader.js:74:23)
    at ontimeout (timers.js:482:11)
    at tryOnTimeout (timers.js:317:5)
    at Timer.listOnTimeout (timers.js:277:5)
name: "ClusterClientNoResponseError"
pid: 7412
hostname: DESKTOP-H7LLNK9

2018-11-14 17:51:16,640 ERROR 8396 [-/127.0.0.1/-/147ms POST /register] nodejs.ER_DUP_ENTRYError: ER_DUP_ENTRY: Duplicate entry '18883630318' for key 'MOBILE'
    at Query.Sequence._packetToError (F:\FKserver\FKserver\node_modules\mysql\lib\protocol\sequences\Sequence.js:47:14)
    at Query.ErrorPacket (F:\FKserver\FKserver\node_modules\mysql\lib\protocol\sequences\Query.js:77:18)
    at Protocol._parsePacket (F:\FKserver\FKserver\node_modules\mysql\lib\protocol\Protocol.js:278:23)
    at Parser.write (F:\FKserver\FKserver\node_modules\mysql\lib\protocol\Parser.js:76:12)
    at Protocol.write (F:\FKserver\FKserver\node_modules\mysql\lib\protocol\Protocol.js:38:16)
    at Socket.<anonymous> (F:\FKserver\FKserver\node_modules\mysql\lib\Connection.js:91:28)
    at Socket.<anonymous> (F:\FKserver\FKserver\node_modules\mysql\lib\Connection.js:502:10)
    at emitOne (events.js:116:13)
    at Socket.emit (events.js:211:7)
    at addChunk (_stream_readable.js:263:12)
    --------------------
    at Pool.query (F:\FKserver\FKserver\node_modules\mysql\lib\Pool.js:199:23)
    at F:\FKserver\FKserver\node_modules\ali-rds\node_modules\pify\index.js:29:7
    at new Promise (<anonymous>)
    at Pool.<anonymous> (F:\FKserver\FKserver\node_modules\ali-rds\node_modules\pify\index.js:12:10)
    at Pool.ret [as query] (F:\FKserver\FKserver\node_modules\ali-rds\node_modules\pify\index.js:56:34)
    at RDSClient.proto._query (F:\FKserver\FKserver\node_modules\ali-rds\lib\client.js:34:20)
    at RDSClient.proto.query (F:\FKserver\FKserver\node_modules\ali-rds\lib\operator.js:54:29)
    at proto.query.next (<anonymous>)
    at onFulfilled (F:\FKserver\FKserver\node_modules\co\index.js:65:19)
    at F:\FKserver\FKserver\node_modules\co\index.js:54:5
    sql: INSERT INTO `fk_user`(`USER_NAME`, `NAME`, `MOBILE`, `EMAIL`, `QQ`, `ID`) VALUES('MakeTod', '程旭', '18883630318', '1056421380@qq.com', '1056421380', 'd457b5e0-e7f2-11e8-89bb-59c8ade0c10d')
code: "ER_DUP_ENTRY"
errno: 1062
sqlMessage: "Duplicate entry '18883630318' for key 'MOBILE'"
sqlState: "23000"
index: 0
sql: "INSERT INTO `fk_user`(`USER_NAME`, `NAME`, `MOBILE`, `EMAIL`, `QQ`, `ID`) VALUES('MakeTod', '程旭', '18883630318', '1056421380@qq.com', '1056421380', 'd457b5e0-e7f2-11e8-89bb-59c8ade0c10d')"
headers: {"Access-Control-Allow-Origin":"*"}
name: "ER_DUP_ENTRYError"
pid: 8396
hostname: DESKTOP-H7LLNK9

